CRITICAL - 2022-01-29 16:43:09 --> require(layout/navbar): Failed to open stream: No such file or directory
#0 C:\desarrollo\xampp\htdocs\plantilla\app\Views\inicio\index.php(19): CodeIgniter\Debug\Exceptions->errorHandler(2, 'require(layout/...', 'C:\\desarrollo\\x...', 19)
#1 C:\desarrollo\xampp\htdocs\plantilla\app\Views\inicio\index.php(19): require()
#2 C:\desarrollo\xampp\htdocs\plantilla\system\View\View.php(210): include('C:\\desarrollo\\x...')
#3 C:\desarrollo\xampp\htdocs\plantilla\system\View\View.php(213): CodeIgniter\View\View->CodeIgniter\View\{closure}()
#4 C:\desarrollo\xampp\htdocs\plantilla\system\Common.php(1089): CodeIgniter\View\View->render('inicio/index', Array, true)
#5 C:\desarrollo\xampp\htdocs\plantilla\app\Controllers\Home.php(14): view('inicio/index')
#6 C:\desarrollo\xampp\htdocs\plantilla\system\CodeIgniter.php(825): App\Controllers\Home->inicio()
#7 C:\desarrollo\xampp\htdocs\plantilla\system\CodeIgniter.php(412): CodeIgniter\CodeIgniter->runController(Object(App\Controllers\Home))
#8 C:\desarrollo\xampp\htdocs\plantilla\system\CodeIgniter.php(320): CodeIgniter\CodeIgniter->handleRequest(NULL, Object(Config\Cache), false)
#9 C:\desarrollo\xampp\htdocs\plantilla\index.php(37): CodeIgniter\CodeIgniter->run()
#10 {main}
CRITICAL - 2022-01-29 16:44:01 --> require(/layout/navbar): Failed to open stream: No such file or directory
#0 C:\desarrollo\xampp\htdocs\plantilla\app\Views\inicio\index.php(19): CodeIgniter\Debug\Exceptions->errorHandler(2, 'require(/layout...', 'C:\\desarrollo\\x...', 19)
#1 C:\desarrollo\xampp\htdocs\plantilla\app\Views\inicio\index.php(19): require()
#2 C:\desarrollo\xampp\htdocs\plantilla\system\View\View.php(210): include('C:\\desarrollo\\x...')
#3 C:\desarrollo\xampp\htdocs\plantilla\system\View\View.php(213): CodeIgniter\View\View->CodeIgniter\View\{closure}()
#4 C:\desarrollo\xampp\htdocs\plantilla\system\Common.php(1089): CodeIgniter\View\View->render('inicio/index', Array, true)
#5 C:\desarrollo\xampp\htdocs\plantilla\app\Controllers\Home.php(14): view('inicio/index')
#6 C:\desarrollo\xampp\htdocs\plantilla\system\CodeIgniter.php(825): App\Controllers\Home->inicio()
#7 C:\desarrollo\xampp\htdocs\plantilla\system\CodeIgniter.php(412): CodeIgniter\CodeIgniter->runController(Object(App\Controllers\Home))
#8 C:\desarrollo\xampp\htdocs\plantilla\system\CodeIgniter.php(320): CodeIgniter\CodeIgniter->handleRequest(NULL, Object(Config\Cache), false)
#9 C:\desarrollo\xampp\htdocs\plantilla\index.php(37): CodeIgniter\CodeIgniter->run()
#10 {main}
CRITICAL - 2022-01-29 16:44:30 --> require(./layout/navbar): Failed to open stream: No such file or directory
#0 C:\desarrollo\xampp\htdocs\plantilla\app\Views\inicio\index.php(19): CodeIgniter\Debug\Exceptions->errorHandler(2, 'require(./layou...', 'C:\\desarrollo\\x...', 19)
#1 C:\desarrollo\xampp\htdocs\plantilla\app\Views\inicio\index.php(19): require()
#2 C:\desarrollo\xampp\htdocs\plantilla\system\View\View.php(210): include('C:\\desarrollo\\x...')
#3 C:\desarrollo\xampp\htdocs\plantilla\system\View\View.php(213): CodeIgniter\View\View->CodeIgniter\View\{closure}()
#4 C:\desarrollo\xampp\htdocs\plantilla\system\Common.php(1089): CodeIgniter\View\View->render('inicio/index', Array, true)
#5 C:\desarrollo\xampp\htdocs\plantilla\app\Controllers\Home.php(14): view('inicio/index')
#6 C:\desarrollo\xampp\htdocs\plantilla\system\CodeIgniter.php(825): App\Controllers\Home->inicio()
#7 C:\desarrollo\xampp\htdocs\plantilla\system\CodeIgniter.php(412): CodeIgniter\CodeIgniter->runController(Object(App\Controllers\Home))
#8 C:\desarrollo\xampp\htdocs\plantilla\system\CodeIgniter.php(320): CodeIgniter\CodeIgniter->handleRequest(NULL, Object(Config\Cache), false)
#9 C:\desarrollo\xampp\htdocs\plantilla\index.php(37): CodeIgniter\CodeIgniter->run()
#10 {main}
CRITICAL - 2022-01-29 16:44:31 --> require(./layout/navbar): Failed to open stream: No such file or directory
#0 C:\desarrollo\xampp\htdocs\plantilla\app\Views\inicio\index.php(19): CodeIgniter\Debug\Exceptions->errorHandler(2, 'require(./layou...', 'C:\\desarrollo\\x...', 19)
#1 C:\desarrollo\xampp\htdocs\plantilla\app\Views\inicio\index.php(19): require()
#2 C:\desarrollo\xampp\htdocs\plantilla\system\View\View.php(210): include('C:\\desarrollo\\x...')
#3 C:\desarrollo\xampp\htdocs\plantilla\system\View\View.php(213): CodeIgniter\View\View->CodeIgniter\View\{closure}()
#4 C:\desarrollo\xampp\htdocs\plantilla\system\Common.php(1089): CodeIgniter\View\View->render('inicio/index', Array, true)
#5 C:\desarrollo\xampp\htdocs\plantilla\app\Controllers\Home.php(14): view('inicio/index')
#6 C:\desarrollo\xampp\htdocs\plantilla\system\CodeIgniter.php(825): App\Controllers\Home->inicio()
#7 C:\desarrollo\xampp\htdocs\plantilla\system\CodeIgniter.php(412): CodeIgniter\CodeIgniter->runController(Object(App\Controllers\Home))
#8 C:\desarrollo\xampp\htdocs\plantilla\system\CodeIgniter.php(320): CodeIgniter\CodeIgniter->handleRequest(NULL, Object(Config\Cache), false)
#9 C:\desarrollo\xampp\htdocs\plantilla\index.php(37): CodeIgniter\CodeIgniter->run()
#10 {main}
CRITICAL - 2022-01-29 16:46:10 --> require(./layout/navbar.php): Failed to open stream: No such file or directory
#0 C:\desarrollo\xampp\htdocs\plantilla\app\Views\inicio\index.php(19): CodeIgniter\Debug\Exceptions->errorHandler(2, 'require(./layou...', 'C:\\desarrollo\\x...', 19)
#1 C:\desarrollo\xampp\htdocs\plantilla\app\Views\inicio\index.php(19): require()
#2 C:\desarrollo\xampp\htdocs\plantilla\system\View\View.php(210): include('C:\\desarrollo\\x...')
#3 C:\desarrollo\xampp\htdocs\plantilla\system\View\View.php(213): CodeIgniter\View\View->CodeIgniter\View\{closure}()
#4 C:\desarrollo\xampp\htdocs\plantilla\system\Common.php(1089): CodeIgniter\View\View->render('inicio/index', Array, true)
#5 C:\desarrollo\xampp\htdocs\plantilla\app\Controllers\Home.php(14): view('inicio/index')
#6 C:\desarrollo\xampp\htdocs\plantilla\system\CodeIgniter.php(825): App\Controllers\Home->inicio()
#7 C:\desarrollo\xampp\htdocs\plantilla\system\CodeIgniter.php(412): CodeIgniter\CodeIgniter->runController(Object(App\Controllers\Home))
#8 C:\desarrollo\xampp\htdocs\plantilla\system\CodeIgniter.php(320): CodeIgniter\CodeIgniter->handleRequest(NULL, Object(Config\Cache), false)
#9 C:\desarrollo\xampp\htdocs\plantilla\index.php(37): CodeIgniter\CodeIgniter->run()
#10 {main}
CRITICAL - 2022-01-29 16:46:11 --> require(./layout/navbar.php): Failed to open stream: No such file or directory
#0 C:\desarrollo\xampp\htdocs\plantilla\app\Views\inicio\index.php(19): CodeIgniter\Debug\Exceptions->errorHandler(2, 'require(./layou...', 'C:\\desarrollo\\x...', 19)
#1 C:\desarrollo\xampp\htdocs\plantilla\app\Views\inicio\index.php(19): require()
#2 C:\desarrollo\xampp\htdocs\plantilla\system\View\View.php(210): include('C:\\desarrollo\\x...')
#3 C:\desarrollo\xampp\htdocs\plantilla\system\View\View.php(213): CodeIgniter\View\View->CodeIgniter\View\{closure}()
#4 C:\desarrollo\xampp\htdocs\plantilla\system\Common.php(1089): CodeIgniter\View\View->render('inicio/index', Array, true)
#5 C:\desarrollo\xampp\htdocs\plantilla\app\Controllers\Home.php(14): view('inicio/index')
#6 C:\desarrollo\xampp\htdocs\plantilla\system\CodeIgniter.php(825): App\Controllers\Home->inicio()
#7 C:\desarrollo\xampp\htdocs\plantilla\system\CodeIgniter.php(412): CodeIgniter\CodeIgniter->runController(Object(App\Controllers\Home))
#8 C:\desarrollo\xampp\htdocs\plantilla\system\CodeIgniter.php(320): CodeIgniter\CodeIgniter->handleRequest(NULL, Object(Config\Cache), false)
#9 C:\desarrollo\xampp\htdocs\plantilla\index.php(37): CodeIgniter\CodeIgniter->run()
#10 {main}
CRITICAL - 2022-01-29 16:46:45 --> require(./layout/navbar.php): Failed to open stream: No such file or directory
#0 C:\desarrollo\xampp\htdocs\plantilla\app\Views\inicio\index.php(19): CodeIgniter\Debug\Exceptions->errorHandler(2, 'require(./layou...', 'C:\\desarrollo\\x...', 19)
#1 C:\desarrollo\xampp\htdocs\plantilla\app\Views\inicio\index.php(19): require()
#2 C:\desarrollo\xampp\htdocs\plantilla\system\View\View.php(210): include('C:\\desarrollo\\x...')
#3 C:\desarrollo\xampp\htdocs\plantilla\system\View\View.php(213): CodeIgniter\View\View->CodeIgniter\View\{closure}()
#4 C:\desarrollo\xampp\htdocs\plantilla\system\Common.php(1089): CodeIgniter\View\View->render('inicio/index', Array, true)
#5 C:\desarrollo\xampp\htdocs\plantilla\app\Controllers\Home.php(14): view('inicio/index')
#6 C:\desarrollo\xampp\htdocs\plantilla\system\CodeIgniter.php(825): App\Controllers\Home->inicio()
#7 C:\desarrollo\xampp\htdocs\plantilla\system\CodeIgniter.php(412): CodeIgniter\CodeIgniter->runController(Object(App\Controllers\Home))
#8 C:\desarrollo\xampp\htdocs\plantilla\system\CodeIgniter.php(320): CodeIgniter\CodeIgniter->handleRequest(NULL, Object(Config\Cache), false)
#9 C:\desarrollo\xampp\htdocs\plantilla\index.php(37): CodeIgniter\CodeIgniter->run()
#10 {main}
CRITICAL - 2022-01-29 16:48:56 --> require(./layout/navbar.php): Failed to open stream: No such file or directory
#0 C:\desarrollo\xampp\htdocs\plantilla\app\Views\inicio\index.php(19): CodeIgniter\Debug\Exceptions->errorHandler(2, 'require(./layou...', 'C:\\desarrollo\\x...', 19)
#1 C:\desarrollo\xampp\htdocs\plantilla\app\Views\inicio\index.php(19): require()
#2 C:\desarrollo\xampp\htdocs\plantilla\system\View\View.php(210): include('C:\\desarrollo\\x...')
#3 C:\desarrollo\xampp\htdocs\plantilla\system\View\View.php(213): CodeIgniter\View\View->CodeIgniter\View\{closure}()
#4 C:\desarrollo\xampp\htdocs\plantilla\system\Common.php(1089): CodeIgniter\View\View->render('inicio/index', Array, true)
#5 C:\desarrollo\xampp\htdocs\plantilla\app\Controllers\Home.php(14): view('inicio/index')
#6 C:\desarrollo\xampp\htdocs\plantilla\system\CodeIgniter.php(825): App\Controllers\Home->inicio()
#7 C:\desarrollo\xampp\htdocs\plantilla\system\CodeIgniter.php(412): CodeIgniter\CodeIgniter->runController(Object(App\Controllers\Home))
#8 C:\desarrollo\xampp\htdocs\plantilla\system\CodeIgniter.php(320): CodeIgniter\CodeIgniter->handleRequest(NULL, Object(Config\Cache), false)
#9 C:\desarrollo\xampp\htdocs\plantilla\index.php(37): CodeIgniter\CodeIgniter->run()
#10 {main}
CRITICAL - 2022-01-29 16:48:57 --> require(./layout/navbar.php): Failed to open stream: No such file or directory
#0 C:\desarrollo\xampp\htdocs\plantilla\app\Views\inicio\index.php(19): CodeIgniter\Debug\Exceptions->errorHandler(2, 'require(./layou...', 'C:\\desarrollo\\x...', 19)
#1 C:\desarrollo\xampp\htdocs\plantilla\app\Views\inicio\index.php(19): require()
#2 C:\desarrollo\xampp\htdocs\plantilla\system\View\View.php(210): include('C:\\desarrollo\\x...')
#3 C:\desarrollo\xampp\htdocs\plantilla\system\View\View.php(213): CodeIgniter\View\View->CodeIgniter\View\{closure}()
#4 C:\desarrollo\xampp\htdocs\plantilla\system\Common.php(1089): CodeIgniter\View\View->render('inicio/index', Array, true)
#5 C:\desarrollo\xampp\htdocs\plantilla\app\Controllers\Home.php(14): view('inicio/index')
#6 C:\desarrollo\xampp\htdocs\plantilla\system\CodeIgniter.php(825): App\Controllers\Home->inicio()
#7 C:\desarrollo\xampp\htdocs\plantilla\system\CodeIgniter.php(412): CodeIgniter\CodeIgniter->runController(Object(App\Controllers\Home))
#8 C:\desarrollo\xampp\htdocs\plantilla\system\CodeIgniter.php(320): CodeIgniter\CodeIgniter->handleRequest(NULL, Object(Config\Cache), false)
#9 C:\desarrollo\xampp\htdocs\plantilla\index.php(37): CodeIgniter\CodeIgniter->run()
#10 {main}
CRITICAL - 2022-01-29 16:49:31 --> require(Views/layout/navbar.php): Failed to open stream: No such file or directory
#0 C:\desarrollo\xampp\htdocs\plantilla\app\Views\inicio\index.php(19): CodeIgniter\Debug\Exceptions->errorHandler(2, 'require(Views/l...', 'C:\\desarrollo\\x...', 19)
#1 C:\desarrollo\xampp\htdocs\plantilla\app\Views\inicio\index.php(19): require()
#2 C:\desarrollo\xampp\htdocs\plantilla\system\View\View.php(210): include('C:\\desarrollo\\x...')
#3 C:\desarrollo\xampp\htdocs\plantilla\system\View\View.php(213): CodeIgniter\View\View->CodeIgniter\View\{closure}()
#4 C:\desarrollo\xampp\htdocs\plantilla\system\Common.php(1089): CodeIgniter\View\View->render('inicio/index', Array, true)
#5 C:\desarrollo\xampp\htdocs\plantilla\app\Controllers\Home.php(14): view('inicio/index')
#6 C:\desarrollo\xampp\htdocs\plantilla\system\CodeIgniter.php(825): App\Controllers\Home->inicio()
#7 C:\desarrollo\xampp\htdocs\plantilla\system\CodeIgniter.php(412): CodeIgniter\CodeIgniter->runController(Object(App\Controllers\Home))
#8 C:\desarrollo\xampp\htdocs\plantilla\system\CodeIgniter.php(320): CodeIgniter\CodeIgniter->handleRequest(NULL, Object(Config\Cache), false)
#9 C:\desarrollo\xampp\htdocs\plantilla\index.php(37): CodeIgniter\CodeIgniter->run()
#10 {main}
CRITICAL - 2022-01-29 16:49:49 --> require(/Views/layout/navbar.php): Failed to open stream: No such file or directory
#0 C:\desarrollo\xampp\htdocs\plantilla\app\Views\inicio\index.php(19): CodeIgniter\Debug\Exceptions->errorHandler(2, 'require(/Views/...', 'C:\\desarrollo\\x...', 19)
#1 C:\desarrollo\xampp\htdocs\plantilla\app\Views\inicio\index.php(19): require()
#2 C:\desarrollo\xampp\htdocs\plantilla\system\View\View.php(210): include('C:\\desarrollo\\x...')
#3 C:\desarrollo\xampp\htdocs\plantilla\system\View\View.php(213): CodeIgniter\View\View->CodeIgniter\View\{closure}()
#4 C:\desarrollo\xampp\htdocs\plantilla\system\Common.php(1089): CodeIgniter\View\View->render('inicio/index', Array, true)
#5 C:\desarrollo\xampp\htdocs\plantilla\app\Controllers\Home.php(14): view('inicio/index')
#6 C:\desarrollo\xampp\htdocs\plantilla\system\CodeIgniter.php(825): App\Controllers\Home->inicio()
#7 C:\desarrollo\xampp\htdocs\plantilla\system\CodeIgniter.php(412): CodeIgniter\CodeIgniter->runController(Object(App\Controllers\Home))
#8 C:\desarrollo\xampp\htdocs\plantilla\system\CodeIgniter.php(320): CodeIgniter\CodeIgniter->handleRequest(NULL, Object(Config\Cache), false)
#9 C:\desarrollo\xampp\htdocs\plantilla\index.php(37): CodeIgniter\CodeIgniter->run()
#10 {main}
CRITICAL - 2022-01-29 16:49:50 --> require(/Views/layout/navbar.php): Failed to open stream: No such file or directory
#0 C:\desarrollo\xampp\htdocs\plantilla\app\Views\inicio\index.php(19): CodeIgniter\Debug\Exceptions->errorHandler(2, 'require(/Views/...', 'C:\\desarrollo\\x...', 19)
#1 C:\desarrollo\xampp\htdocs\plantilla\app\Views\inicio\index.php(19): require()
#2 C:\desarrollo\xampp\htdocs\plantilla\system\View\View.php(210): include('C:\\desarrollo\\x...')
#3 C:\desarrollo\xampp\htdocs\plantilla\system\View\View.php(213): CodeIgniter\View\View->CodeIgniter\View\{closure}()
#4 C:\desarrollo\xampp\htdocs\plantilla\system\Common.php(1089): CodeIgniter\View\View->render('inicio/index', Array, true)
#5 C:\desarrollo\xampp\htdocs\plantilla\app\Controllers\Home.php(14): view('inicio/index')
#6 C:\desarrollo\xampp\htdocs\plantilla\system\CodeIgniter.php(825): App\Controllers\Home->inicio()
#7 C:\desarrollo\xampp\htdocs\plantilla\system\CodeIgniter.php(412): CodeIgniter\CodeIgniter->runController(Object(App\Controllers\Home))
#8 C:\desarrollo\xampp\htdocs\plantilla\system\CodeIgniter.php(320): CodeIgniter\CodeIgniter->handleRequest(NULL, Object(Config\Cache), false)
#9 C:\desarrollo\xampp\htdocs\plantilla\index.php(37): CodeIgniter\CodeIgniter->run()
#10 {main}
CRITICAL - 2022-01-29 16:50:06 --> require(./Views/layout/navbar.php): Failed to open stream: No such file or directory
#0 C:\desarrollo\xampp\htdocs\plantilla\app\Views\inicio\index.php(19): CodeIgniter\Debug\Exceptions->errorHandler(2, 'require(./Views...', 'C:\\desarrollo\\x...', 19)
#1 C:\desarrollo\xampp\htdocs\plantilla\app\Views\inicio\index.php(19): require()
#2 C:\desarrollo\xampp\htdocs\plantilla\system\View\View.php(210): include('C:\\desarrollo\\x...')
#3 C:\desarrollo\xampp\htdocs\plantilla\system\View\View.php(213): CodeIgniter\View\View->CodeIgniter\View\{closure}()
#4 C:\desarrollo\xampp\htdocs\plantilla\system\Common.php(1089): CodeIgniter\View\View->render('inicio/index', Array, true)
#5 C:\desarrollo\xampp\htdocs\plantilla\app\Controllers\Home.php(14): view('inicio/index')
#6 C:\desarrollo\xampp\htdocs\plantilla\system\CodeIgniter.php(825): App\Controllers\Home->inicio()
#7 C:\desarrollo\xampp\htdocs\plantilla\system\CodeIgniter.php(412): CodeIgniter\CodeIgniter->runController(Object(App\Controllers\Home))
#8 C:\desarrollo\xampp\htdocs\plantilla\system\CodeIgniter.php(320): CodeIgniter\CodeIgniter->handleRequest(NULL, Object(Config\Cache), false)
#9 C:\desarrollo\xampp\htdocs\plantilla\index.php(37): CodeIgniter\CodeIgniter->run()
#10 {main}
CRITICAL - 2022-01-29 16:50:07 --> require(./Views/layout/navbar.php): Failed to open stream: No such file or directory
#0 C:\desarrollo\xampp\htdocs\plantilla\app\Views\inicio\index.php(19): CodeIgniter\Debug\Exceptions->errorHandler(2, 'require(./Views...', 'C:\\desarrollo\\x...', 19)
#1 C:\desarrollo\xampp\htdocs\plantilla\app\Views\inicio\index.php(19): require()
#2 C:\desarrollo\xampp\htdocs\plantilla\system\View\View.php(210): include('C:\\desarrollo\\x...')
#3 C:\desarrollo\xampp\htdocs\plantilla\system\View\View.php(213): CodeIgniter\View\View->CodeIgniter\View\{closure}()
#4 C:\desarrollo\xampp\htdocs\plantilla\system\Common.php(1089): CodeIgniter\View\View->render('inicio/index', Array, true)
#5 C:\desarrollo\xampp\htdocs\plantilla\app\Controllers\Home.php(14): view('inicio/index')
#6 C:\desarrollo\xampp\htdocs\plantilla\system\CodeIgniter.php(825): App\Controllers\Home->inicio()
#7 C:\desarrollo\xampp\htdocs\plantilla\system\CodeIgniter.php(412): CodeIgniter\CodeIgniter->runController(Object(App\Controllers\Home))
#8 C:\desarrollo\xampp\htdocs\plantilla\system\CodeIgniter.php(320): CodeIgniter\CodeIgniter->handleRequest(NULL, Object(Config\Cache), false)
#9 C:\desarrollo\xampp\htdocs\plantilla\index.php(37): CodeIgniter\CodeIgniter->run()
#10 {main}
CRITICAL - 2022-01-29 16:50:24 --> require(./Views/layout/navbar.php): Failed to open stream: No such file or directory
#0 C:\desarrollo\xampp\htdocs\plantilla\app\Views\inicio\index.php(19): CodeIgniter\Debug\Exceptions->errorHandler(2, 'require(./Views...', 'C:\\desarrollo\\x...', 19)
#1 C:\desarrollo\xampp\htdocs\plantilla\app\Views\inicio\index.php(19): require()
#2 C:\desarrollo\xampp\htdocs\plantilla\system\View\View.php(210): include('C:\\desarrollo\\x...')
#3 C:\desarrollo\xampp\htdocs\plantilla\system\View\View.php(213): CodeIgniter\View\View->CodeIgniter\View\{closure}()
#4 C:\desarrollo\xampp\htdocs\plantilla\system\Common.php(1089): CodeIgniter\View\View->render('inicio/index', Array, true)
#5 C:\desarrollo\xampp\htdocs\plantilla\app\Controllers\Home.php(14): view('inicio/index')
#6 C:\desarrollo\xampp\htdocs\plantilla\system\CodeIgniter.php(825): App\Controllers\Home->inicio()
#7 C:\desarrollo\xampp\htdocs\plantilla\system\CodeIgniter.php(412): CodeIgniter\CodeIgniter->runController(Object(App\Controllers\Home))
#8 C:\desarrollo\xampp\htdocs\plantilla\system\CodeIgniter.php(320): CodeIgniter\CodeIgniter->handleRequest(NULL, Object(Config\Cache), false)
#9 C:\desarrollo\xampp\htdocs\plantilla\index.php(37): CodeIgniter\CodeIgniter->run()
#10 {main}
CRITICAL - 2022-01-29 16:52:05 --> require(/Views/layout/navbar.php): Failed to open stream: No such file or directory
#0 C:\desarrollo\xampp\htdocs\plantilla\app\Views\inicio\index.php(19): CodeIgniter\Debug\Exceptions->errorHandler(2, 'require(/Views/...', 'C:\\desarrollo\\x...', 19)
#1 C:\desarrollo\xampp\htdocs\plantilla\app\Views\inicio\index.php(19): require()
#2 C:\desarrollo\xampp\htdocs\plantilla\system\View\View.php(210): include('C:\\desarrollo\\x...')
#3 C:\desarrollo\xampp\htdocs\plantilla\system\View\View.php(213): CodeIgniter\View\View->CodeIgniter\View\{closure}()
#4 C:\desarrollo\xampp\htdocs\plantilla\system\Common.php(1089): CodeIgniter\View\View->render('inicio/index', Array, true)
#5 C:\desarrollo\xampp\htdocs\plantilla\app\Controllers\Home.php(14): view('inicio/index')
#6 C:\desarrollo\xampp\htdocs\plantilla\system\CodeIgniter.php(825): App\Controllers\Home->inicio()
#7 C:\desarrollo\xampp\htdocs\plantilla\system\CodeIgniter.php(412): CodeIgniter\CodeIgniter->runController(Object(App\Controllers\Home))
#8 C:\desarrollo\xampp\htdocs\plantilla\system\CodeIgniter.php(320): CodeIgniter\CodeIgniter->handleRequest(NULL, Object(Config\Cache), false)
#9 C:\desarrollo\xampp\htdocs\plantilla\index.php(37): CodeIgniter\CodeIgniter->run()
#10 {main}
CRITICAL - 2022-01-29 16:52:28 --> require(app/Views/layout/navbar.php): Failed to open stream: No such file or directory
#0 C:\desarrollo\xampp\htdocs\plantilla\app\Views\inicio\index.php(19): CodeIgniter\Debug\Exceptions->errorHandler(2, 'require(app/Vie...', 'C:\\desarrollo\\x...', 19)
#1 C:\desarrollo\xampp\htdocs\plantilla\app\Views\inicio\index.php(19): require()
#2 C:\desarrollo\xampp\htdocs\plantilla\system\View\View.php(210): include('C:\\desarrollo\\x...')
#3 C:\desarrollo\xampp\htdocs\plantilla\system\View\View.php(213): CodeIgniter\View\View->CodeIgniter\View\{closure}()
#4 C:\desarrollo\xampp\htdocs\plantilla\system\Common.php(1089): CodeIgniter\View\View->render('inicio/index', Array, true)
#5 C:\desarrollo\xampp\htdocs\plantilla\app\Controllers\Home.php(14): view('inicio/index')
#6 C:\desarrollo\xampp\htdocs\plantilla\system\CodeIgniter.php(825): App\Controllers\Home->inicio()
#7 C:\desarrollo\xampp\htdocs\plantilla\system\CodeIgniter.php(412): CodeIgniter\CodeIgniter->runController(Object(App\Controllers\Home))
#8 C:\desarrollo\xampp\htdocs\plantilla\system\CodeIgniter.php(320): CodeIgniter\CodeIgniter->handleRequest(NULL, Object(Config\Cache), false)
#9 C:\desarrollo\xampp\htdocs\plantilla\index.php(37): CodeIgniter\CodeIgniter->run()
#10 {main}
CRITICAL - 2022-01-29 16:52:28 --> require(app/Views/layout/navbar.php): Failed to open stream: No such file or directory
#0 C:\desarrollo\xampp\htdocs\plantilla\app\Views\inicio\index.php(19): CodeIgniter\Debug\Exceptions->errorHandler(2, 'require(app/Vie...', 'C:\\desarrollo\\x...', 19)
#1 C:\desarrollo\xampp\htdocs\plantilla\app\Views\inicio\index.php(19): require()
#2 C:\desarrollo\xampp\htdocs\plantilla\system\View\View.php(210): include('C:\\desarrollo\\x...')
#3 C:\desarrollo\xampp\htdocs\plantilla\system\View\View.php(213): CodeIgniter\View\View->CodeIgniter\View\{closure}()
#4 C:\desarrollo\xampp\htdocs\plantilla\system\Common.php(1089): CodeIgniter\View\View->render('inicio/index', Array, true)
#5 C:\desarrollo\xampp\htdocs\plantilla\app\Controllers\Home.php(14): view('inicio/index')
#6 C:\desarrollo\xampp\htdocs\plantilla\system\CodeIgniter.php(825): App\Controllers\Home->inicio()
#7 C:\desarrollo\xampp\htdocs\plantilla\system\CodeIgniter.php(412): CodeIgniter\CodeIgniter->runController(Object(App\Controllers\Home))
#8 C:\desarrollo\xampp\htdocs\plantilla\system\CodeIgniter.php(320): CodeIgniter\CodeIgniter->handleRequest(NULL, Object(Config\Cache), false)
#9 C:\desarrollo\xampp\htdocs\plantilla\index.php(37): CodeIgniter\CodeIgniter->run()
#10 {main}
CRITICAL - 2022-01-29 16:52:40 --> require(/app/Views/layout/navbar.php): Failed to open stream: No such file or directory
#0 C:\desarrollo\xampp\htdocs\plantilla\app\Views\inicio\index.php(19): CodeIgniter\Debug\Exceptions->errorHandler(2, 'require(/app/Vi...', 'C:\\desarrollo\\x...', 19)
#1 C:\desarrollo\xampp\htdocs\plantilla\app\Views\inicio\index.php(19): require()
#2 C:\desarrollo\xampp\htdocs\plantilla\system\View\View.php(210): include('C:\\desarrollo\\x...')
#3 C:\desarrollo\xampp\htdocs\plantilla\system\View\View.php(213): CodeIgniter\View\View->CodeIgniter\View\{closure}()
#4 C:\desarrollo\xampp\htdocs\plantilla\system\Common.php(1089): CodeIgniter\View\View->render('inicio/index', Array, true)
#5 C:\desarrollo\xampp\htdocs\plantilla\app\Controllers\Home.php(14): view('inicio/index')
#6 C:\desarrollo\xampp\htdocs\plantilla\system\CodeIgniter.php(825): App\Controllers\Home->inicio()
#7 C:\desarrollo\xampp\htdocs\plantilla\system\CodeIgniter.php(412): CodeIgniter\CodeIgniter->runController(Object(App\Controllers\Home))
#8 C:\desarrollo\xampp\htdocs\plantilla\system\CodeIgniter.php(320): CodeIgniter\CodeIgniter->handleRequest(NULL, Object(Config\Cache), false)
#9 C:\desarrollo\xampp\htdocs\plantilla\index.php(37): CodeIgniter\CodeIgniter->run()
#10 {main}
CRITICAL - 2022-01-29 16:53:18 --> require(app/Views/layout/navbar.php): Failed to open stream: No such file or directory
#0 C:\desarrollo\xampp\htdocs\plantilla\app\Views\inicio\index.php(19): CodeIgniter\Debug\Exceptions->errorHandler(2, 'require(app/Vie...', 'C:\\desarrollo\\x...', 19)
#1 C:\desarrollo\xampp\htdocs\plantilla\app\Views\inicio\index.php(19): require()
#2 C:\desarrollo\xampp\htdocs\plantilla\system\View\View.php(210): include('C:\\desarrollo\\x...')
#3 C:\desarrollo\xampp\htdocs\plantilla\system\View\View.php(213): CodeIgniter\View\View->CodeIgniter\View\{closure}()
#4 C:\desarrollo\xampp\htdocs\plantilla\system\Common.php(1089): CodeIgniter\View\View->render('inicio/index', Array, true)
#5 C:\desarrollo\xampp\htdocs\plantilla\app\Controllers\Home.php(14): view('inicio/index')
#6 C:\desarrollo\xampp\htdocs\plantilla\system\CodeIgniter.php(825): App\Controllers\Home->inicio()
#7 C:\desarrollo\xampp\htdocs\plantilla\system\CodeIgniter.php(412): CodeIgniter\CodeIgniter->runController(Object(App\Controllers\Home))
#8 C:\desarrollo\xampp\htdocs\plantilla\system\CodeIgniter.php(320): CodeIgniter\CodeIgniter->handleRequest(NULL, Object(Config\Cache), false)
#9 C:\desarrollo\xampp\htdocs\plantilla\index.php(37): CodeIgniter\CodeIgniter->run()
#10 {main}
