CRITICAL - 2022-02-02 10:15:30 --> Call to undefined function sqlsrv_connect()
#0 C:\desarrollo\xampp\htdocs\plantilla\system\View\View.php(210): include()
#1 C:\desarrollo\xampp\htdocs\plantilla\system\View\View.php(213): CodeIgniter\View\View->CodeIgniter\View\{closure}()
#2 C:\desarrollo\xampp\htdocs\plantilla\system\Common.php(1089): CodeIgniter\View\View->render('Views/conn', Array, true)
#3 C:\desarrollo\xampp\htdocs\plantilla\app\Controllers\Home.php(14): view('Views/conn')
#4 C:\desarrollo\xampp\htdocs\plantilla\system\CodeIgniter.php(825): App\Controllers\Home->inicio()
#5 C:\desarrollo\xampp\htdocs\plantilla\system\CodeIgniter.php(412): CodeIgniter\CodeIgniter->runController(Object(App\Controllers\Home))
#6 C:\desarrollo\xampp\htdocs\plantilla\system\CodeIgniter.php(320): CodeIgniter\CodeIgniter->handleRequest(NULL, Object(Config\Cache), false)
#7 C:\desarrollo\xampp\htdocs\plantilla\index.php(37): CodeIgniter\CodeIgniter->run()
#8 {main}
CRITICAL - 2022-02-02 10:16:54 --> Call to undefined function sqlsrv_connect()
#0 C:\desarrollo\xampp\htdocs\plantilla\system\View\View.php(210): include()
#1 C:\desarrollo\xampp\htdocs\plantilla\system\View\View.php(213): CodeIgniter\View\View->CodeIgniter\View\{closure}()
#2 C:\desarrollo\xampp\htdocs\plantilla\system\Common.php(1089): CodeIgniter\View\View->render('conn', Array, true)
#3 C:\desarrollo\xampp\htdocs\plantilla\app\Controllers\Home.php(14): view('conn')
#4 C:\desarrollo\xampp\htdocs\plantilla\system\CodeIgniter.php(825): App\Controllers\Home->inicio()
#5 C:\desarrollo\xampp\htdocs\plantilla\system\CodeIgniter.php(412): CodeIgniter\CodeIgniter->runController(Object(App\Controllers\Home))
#6 C:\desarrollo\xampp\htdocs\plantilla\system\CodeIgniter.php(320): CodeIgniter\CodeIgniter->handleRequest(NULL, Object(Config\Cache), false)
#7 C:\desarrollo\xampp\htdocs\plantilla\index.php(37): CodeIgniter\CodeIgniter->run()
#8 {main}
CRITICAL - 2022-02-02 10:19:03 --> Call to undefined function sqlsrv_connect()
#0 C:\desarrollo\xampp\htdocs\plantilla\system\View\View.php(210): include()
#1 C:\desarrollo\xampp\htdocs\plantilla\system\View\View.php(213): CodeIgniter\View\View->CodeIgniter\View\{closure}()
#2 C:\desarrollo\xampp\htdocs\plantilla\system\Common.php(1089): CodeIgniter\View\View->render('inicio/conn', Array, true)
#3 C:\desarrollo\xampp\htdocs\plantilla\app\Controllers\Home.php(14): view('inicio/conn')
#4 C:\desarrollo\xampp\htdocs\plantilla\system\CodeIgniter.php(825): App\Controllers\Home->inicio()
#5 C:\desarrollo\xampp\htdocs\plantilla\system\CodeIgniter.php(412): CodeIgniter\CodeIgniter->runController(Object(App\Controllers\Home))
#6 C:\desarrollo\xampp\htdocs\plantilla\system\CodeIgniter.php(320): CodeIgniter\CodeIgniter->handleRequest(NULL, Object(Config\Cache), false)
#7 C:\desarrollo\xampp\htdocs\plantilla\index.php(37): CodeIgniter\CodeIgniter->run()
#8 {main}
CRITICAL - 2022-02-02 10:19:04 --> Call to undefined function sqlsrv_connect()
#0 C:\desarrollo\xampp\htdocs\plantilla\system\View\View.php(210): include()
#1 C:\desarrollo\xampp\htdocs\plantilla\system\View\View.php(213): CodeIgniter\View\View->CodeIgniter\View\{closure}()
#2 C:\desarrollo\xampp\htdocs\plantilla\system\Common.php(1089): CodeIgniter\View\View->render('inicio/conn', Array, true)
#3 C:\desarrollo\xampp\htdocs\plantilla\app\Controllers\Home.php(14): view('inicio/conn')
#4 C:\desarrollo\xampp\htdocs\plantilla\system\CodeIgniter.php(825): App\Controllers\Home->inicio()
#5 C:\desarrollo\xampp\htdocs\plantilla\system\CodeIgniter.php(412): CodeIgniter\CodeIgniter->runController(Object(App\Controllers\Home))
#6 C:\desarrollo\xampp\htdocs\plantilla\system\CodeIgniter.php(320): CodeIgniter\CodeIgniter->handleRequest(NULL, Object(Config\Cache), false)
#7 C:\desarrollo\xampp\htdocs\plantilla\index.php(37): CodeIgniter\CodeIgniter->run()
#8 {main}
CRITICAL - 2022-02-02 10:19:06 --> Call to undefined function sqlsrv_connect()
#0 C:\desarrollo\xampp\htdocs\plantilla\system\View\View.php(210): include()
#1 C:\desarrollo\xampp\htdocs\plantilla\system\View\View.php(213): CodeIgniter\View\View->CodeIgniter\View\{closure}()
#2 C:\desarrollo\xampp\htdocs\plantilla\system\Common.php(1089): CodeIgniter\View\View->render('inicio/conn', Array, true)
#3 C:\desarrollo\xampp\htdocs\plantilla\app\Controllers\Home.php(14): view('inicio/conn')
#4 C:\desarrollo\xampp\htdocs\plantilla\system\CodeIgniter.php(825): App\Controllers\Home->inicio()
#5 C:\desarrollo\xampp\htdocs\plantilla\system\CodeIgniter.php(412): CodeIgniter\CodeIgniter->runController(Object(App\Controllers\Home))
#6 C:\desarrollo\xampp\htdocs\plantilla\system\CodeIgniter.php(320): CodeIgniter\CodeIgniter->handleRequest(NULL, Object(Config\Cache), false)
#7 C:\desarrollo\xampp\htdocs\plantilla\index.php(37): CodeIgniter\CodeIgniter->run()
#8 {main}
CRITICAL - 2022-02-02 10:24:14 --> Call to undefined function sqlsrv_connect()
#0 C:\desarrollo\xampp\htdocs\plantilla\system\View\View.php(210): include()
#1 C:\desarrollo\xampp\htdocs\plantilla\system\View\View.php(213): CodeIgniter\View\View->CodeIgniter\View\{closure}()
#2 C:\desarrollo\xampp\htdocs\plantilla\system\Common.php(1089): CodeIgniter\View\View->render('inicio/conn', Array, true)
#3 C:\desarrollo\xampp\htdocs\plantilla\app\Controllers\Home.php(14): view('inicio/conn')
#4 C:\desarrollo\xampp\htdocs\plantilla\system\CodeIgniter.php(825): App\Controllers\Home->inicio()
#5 C:\desarrollo\xampp\htdocs\plantilla\system\CodeIgniter.php(412): CodeIgniter\CodeIgniter->runController(Object(App\Controllers\Home))
#6 C:\desarrollo\xampp\htdocs\plantilla\system\CodeIgniter.php(320): CodeIgniter\CodeIgniter->handleRequest(NULL, Object(Config\Cache), false)
#7 C:\desarrollo\xampp\htdocs\plantilla\index.php(37): CodeIgniter\CodeIgniter->run()
#8 {main}
CRITICAL - 2022-02-02 10:26:47 --> Call to undefined function sqlsrv_connect()
#0 C:\desarrollo\xampp\htdocs\plantilla\system\View\View.php(210): include()
#1 C:\desarrollo\xampp\htdocs\plantilla\system\View\View.php(213): CodeIgniter\View\View->CodeIgniter\View\{closure}()
#2 C:\desarrollo\xampp\htdocs\plantilla\system\Common.php(1089): CodeIgniter\View\View->render('inicio/conn', Array, true)
#3 C:\desarrollo\xampp\htdocs\plantilla\app\Controllers\Home.php(14): view('inicio/conn')
#4 C:\desarrollo\xampp\htdocs\plantilla\system\CodeIgniter.php(825): App\Controllers\Home->inicio()
#5 C:\desarrollo\xampp\htdocs\plantilla\system\CodeIgniter.php(412): CodeIgniter\CodeIgniter->runController(Object(App\Controllers\Home))
#6 C:\desarrollo\xampp\htdocs\plantilla\system\CodeIgniter.php(320): CodeIgniter\CodeIgniter->handleRequest(NULL, Object(Config\Cache), false)
#7 C:\desarrollo\xampp\htdocs\plantilla\index.php(37): CodeIgniter\CodeIgniter->run()
#8 {main}
