CRITICAL - 2022-01-28 20:49:03 --> Invalid file: inicio.php
#0 C:\desarrollo\xampp\htdocs\plantilla\system\View\View.php(198): CodeIgniter\Exceptions\FrameworkException::forInvalidFile('inicio.php')
#1 C:\desarrollo\xampp\htdocs\plantilla\system\Common.php(1089): CodeIgniter\View\View->render('inicio', Array, true)
#2 C:\desarrollo\xampp\htdocs\plantilla\app\Controllers\Home.php(14): view('inicio')
#3 C:\desarrollo\xampp\htdocs\plantilla\system\CodeIgniter.php(825): App\Controllers\Home->inicio()
#4 C:\desarrollo\xampp\htdocs\plantilla\system\CodeIgniter.php(412): CodeIgniter\CodeIgniter->runController(Object(App\Controllers\Home))
#5 C:\desarrollo\xampp\htdocs\plantilla\system\CodeIgniter.php(320): CodeIgniter\CodeIgniter->handleRequest(NULL, Object(Config\Cache), false)
#6 C:\desarrollo\xampp\htdocs\plantilla\index.php(37): CodeIgniter\CodeIgniter->run()
#7 {main}
CRITICAL - 2022-01-28 21:00:02 --> Invalid file: Views/index.php
#0 C:\desarrollo\xampp\htdocs\plantilla\system\View\View.php(198): CodeIgniter\Exceptions\FrameworkException::forInvalidFile('Views/index.php')
#1 C:\desarrollo\xampp\htdocs\plantilla\system\Common.php(1089): CodeIgniter\View\View->render('Views/index', Array, true)
#2 C:\desarrollo\xampp\htdocs\plantilla\app\Controllers\Home.php(14): view('Views/index')
#3 C:\desarrollo\xampp\htdocs\plantilla\system\CodeIgniter.php(825): App\Controllers\Home->inicio()
#4 C:\desarrollo\xampp\htdocs\plantilla\system\CodeIgniter.php(412): CodeIgniter\CodeIgniter->runController(Object(App\Controllers\Home))
#5 C:\desarrollo\xampp\htdocs\plantilla\system\CodeIgniter.php(320): CodeIgniter\CodeIgniter->handleRequest(NULL, Object(Config\Cache), false)
#6 C:\desarrollo\xampp\htdocs\plantilla\index.php(37): CodeIgniter\CodeIgniter->run()
#7 {main}
CRITICAL - 2022-01-28 21:02:19 --> Invalid file: Views/index.php
#0 C:\desarrollo\xampp\htdocs\plantilla\system\View\View.php(198): CodeIgniter\Exceptions\FrameworkException::forInvalidFile('Views/index.php')
#1 C:\desarrollo\xampp\htdocs\plantilla\system\Common.php(1089): CodeIgniter\View\View->render('Views/index', Array, true)
#2 C:\desarrollo\xampp\htdocs\plantilla\app\Controllers\Home.php(14): view('Views/index')
#3 C:\desarrollo\xampp\htdocs\plantilla\system\CodeIgniter.php(825): App\Controllers\Home->inicio()
#4 C:\desarrollo\xampp\htdocs\plantilla\system\CodeIgniter.php(412): CodeIgniter\CodeIgniter->runController(Object(App\Controllers\Home))
#5 C:\desarrollo\xampp\htdocs\plantilla\system\CodeIgniter.php(320): CodeIgniter\CodeIgniter->handleRequest(NULL, Object(Config\Cache), false)
#6 C:\desarrollo\xampp\htdocs\plantilla\index.php(37): CodeIgniter\CodeIgniter->run()
#7 {main}
CRITICAL - 2022-01-28 21:02:21 --> Invalid file: Views/index.php
#0 C:\desarrollo\xampp\htdocs\plantilla\system\View\View.php(198): CodeIgniter\Exceptions\FrameworkException::forInvalidFile('Views/index.php')
#1 C:\desarrollo\xampp\htdocs\plantilla\system\Common.php(1089): CodeIgniter\View\View->render('Views/index', Array, true)
#2 C:\desarrollo\xampp\htdocs\plantilla\app\Controllers\Home.php(14): view('Views/index')
#3 C:\desarrollo\xampp\htdocs\plantilla\system\CodeIgniter.php(825): App\Controllers\Home->inicio()
#4 C:\desarrollo\xampp\htdocs\plantilla\system\CodeIgniter.php(412): CodeIgniter\CodeIgniter->runController(Object(App\Controllers\Home))
#5 C:\desarrollo\xampp\htdocs\plantilla\system\CodeIgniter.php(320): CodeIgniter\CodeIgniter->handleRequest(NULL, Object(Config\Cache), false)
#6 C:\desarrollo\xampp\htdocs\plantilla\index.php(37): CodeIgniter\CodeIgniter->run()
#7 {main}
CRITICAL - 2022-01-28 21:04:00 --> Invalid file: Views/index.php
#0 C:\desarrollo\xampp\htdocs\plantilla\system\View\View.php(198): CodeIgniter\Exceptions\FrameworkException::forInvalidFile('Views/index.php')
#1 C:\desarrollo\xampp\htdocs\plantilla\system\Common.php(1089): CodeIgniter\View\View->render('Views/index', Array, true)
#2 C:\desarrollo\xampp\htdocs\plantilla\app\Controllers\Home.php(14): view('Views/index')
#3 C:\desarrollo\xampp\htdocs\plantilla\system\CodeIgniter.php(825): App\Controllers\Home->inicio()
#4 C:\desarrollo\xampp\htdocs\plantilla\system\CodeIgniter.php(412): CodeIgniter\CodeIgniter->runController(Object(App\Controllers\Home))
#5 C:\desarrollo\xampp\htdocs\plantilla\system\CodeIgniter.php(320): CodeIgniter\CodeIgniter->handleRequest(NULL, Object(Config\Cache), false)
#6 C:\desarrollo\xampp\htdocs\plantilla\index.php(37): CodeIgniter\CodeIgniter->run()
#7 {main}
CRITICAL - 2022-01-28 21:05:26 --> Invalid file: Views/index.php
#0 C:\desarrollo\xampp\htdocs\plantilla\system\View\View.php(198): CodeIgniter\Exceptions\FrameworkException::forInvalidFile('Views/index.php')
#1 C:\desarrollo\xampp\htdocs\plantilla\system\Common.php(1089): CodeIgniter\View\View->render('Views/index', Array, true)
#2 C:\desarrollo\xampp\htdocs\plantilla\app\Controllers\Home.php(14): view('Views/index')
#3 C:\desarrollo\xampp\htdocs\plantilla\system\CodeIgniter.php(825): App\Controllers\Home->inicio()
#4 C:\desarrollo\xampp\htdocs\plantilla\system\CodeIgniter.php(412): CodeIgniter\CodeIgniter->runController(Object(App\Controllers\Home))
#5 C:\desarrollo\xampp\htdocs\plantilla\system\CodeIgniter.php(320): CodeIgniter\CodeIgniter->handleRequest(NULL, Object(Config\Cache), false)
#6 C:\desarrollo\xampp\htdocs\plantilla\index.php(37): CodeIgniter\CodeIgniter->run()
#7 {main}
CRITICAL - 2022-01-28 21:09:23 --> Invalid file: Views/index.php
#0 C:\desarrollo\xampp\htdocs\plantilla\system\View\View.php(198): CodeIgniter\Exceptions\FrameworkException::forInvalidFile('Views/index.php')
#1 C:\desarrollo\xampp\htdocs\plantilla\system\Common.php(1089): CodeIgniter\View\View->render('Views/index', Array, true)
#2 C:\desarrollo\xampp\htdocs\plantilla\app\Controllers\Home.php(14): view('Views/index')
#3 C:\desarrollo\xampp\htdocs\plantilla\system\CodeIgniter.php(825): App\Controllers\Home->inicio()
#4 C:\desarrollo\xampp\htdocs\plantilla\system\CodeIgniter.php(412): CodeIgniter\CodeIgniter->runController(Object(App\Controllers\Home))
#5 C:\desarrollo\xampp\htdocs\plantilla\system\CodeIgniter.php(320): CodeIgniter\CodeIgniter->handleRequest(NULL, Object(Config\Cache), false)
#6 C:\desarrollo\xampp\htdocs\plantilla\index.php(37): CodeIgniter\CodeIgniter->run()
#7 {main}
CRITICAL - 2022-01-28 21:09:41 --> Invalid file: index.php
#0 C:\desarrollo\xampp\htdocs\plantilla\system\View\View.php(198): CodeIgniter\Exceptions\FrameworkException::forInvalidFile('index.php')
#1 C:\desarrollo\xampp\htdocs\plantilla\system\Common.php(1089): CodeIgniter\View\View->render('index', Array, true)
#2 C:\desarrollo\xampp\htdocs\plantilla\app\Controllers\Home.php(14): view('index')
#3 C:\desarrollo\xampp\htdocs\plantilla\system\CodeIgniter.php(825): App\Controllers\Home->inicio()
#4 C:\desarrollo\xampp\htdocs\plantilla\system\CodeIgniter.php(412): CodeIgniter\CodeIgniter->runController(Object(App\Controllers\Home))
#5 C:\desarrollo\xampp\htdocs\plantilla\system\CodeIgniter.php(320): CodeIgniter\CodeIgniter->handleRequest(NULL, Object(Config\Cache), false)
#6 C:\desarrollo\xampp\htdocs\plantilla\index.php(37): CodeIgniter\CodeIgniter->run()
#7 {main}
CRITICAL - 2022-01-28 21:09:42 --> Invalid file: index.php
#0 C:\desarrollo\xampp\htdocs\plantilla\system\View\View.php(198): CodeIgniter\Exceptions\FrameworkException::forInvalidFile('index.php')
#1 C:\desarrollo\xampp\htdocs\plantilla\system\Common.php(1089): CodeIgniter\View\View->render('index', Array, true)
#2 C:\desarrollo\xampp\htdocs\plantilla\app\Controllers\Home.php(14): view('index')
#3 C:\desarrollo\xampp\htdocs\plantilla\system\CodeIgniter.php(825): App\Controllers\Home->inicio()
#4 C:\desarrollo\xampp\htdocs\plantilla\system\CodeIgniter.php(412): CodeIgniter\CodeIgniter->runController(Object(App\Controllers\Home))
#5 C:\desarrollo\xampp\htdocs\plantilla\system\CodeIgniter.php(320): CodeIgniter\CodeIgniter->handleRequest(NULL, Object(Config\Cache), false)
#6 C:\desarrollo\xampp\htdocs\plantilla\index.php(37): CodeIgniter\CodeIgniter->run()
#7 {main}
CRITICAL - 2022-01-28 21:09:58 --> Invalid file: index.php
#0 C:\desarrollo\xampp\htdocs\plantilla\system\View\View.php(198): CodeIgniter\Exceptions\FrameworkException::forInvalidFile('index.php')
#1 C:\desarrollo\xampp\htdocs\plantilla\system\Common.php(1089): CodeIgniter\View\View->render('index', Array, true)
#2 C:\desarrollo\xampp\htdocs\plantilla\app\Controllers\Home.php(14): view('index')
#3 C:\desarrollo\xampp\htdocs\plantilla\system\CodeIgniter.php(825): App\Controllers\Home->inicio()
#4 C:\desarrollo\xampp\htdocs\plantilla\system\CodeIgniter.php(412): CodeIgniter\CodeIgniter->runController(Object(App\Controllers\Home))
#5 C:\desarrollo\xampp\htdocs\plantilla\system\CodeIgniter.php(320): CodeIgniter\CodeIgniter->handleRequest(NULL, Object(Config\Cache), false)
#6 C:\desarrollo\xampp\htdocs\plantilla\index.php(37): CodeIgniter\CodeIgniter->run()
#7 {main}
CRITICAL - 2022-01-28 21:09:59 --> Invalid file: index.php
#0 C:\desarrollo\xampp\htdocs\plantilla\system\View\View.php(198): CodeIgniter\Exceptions\FrameworkException::forInvalidFile('index.php')
#1 C:\desarrollo\xampp\htdocs\plantilla\system\Common.php(1089): CodeIgniter\View\View->render('index', Array, true)
#2 C:\desarrollo\xampp\htdocs\plantilla\app\Controllers\Home.php(14): view('index')
#3 C:\desarrollo\xampp\htdocs\plantilla\system\CodeIgniter.php(825): App\Controllers\Home->inicio()
#4 C:\desarrollo\xampp\htdocs\plantilla\system\CodeIgniter.php(412): CodeIgniter\CodeIgniter->runController(Object(App\Controllers\Home))
#5 C:\desarrollo\xampp\htdocs\plantilla\system\CodeIgniter.php(320): CodeIgniter\CodeIgniter->handleRequest(NULL, Object(Config\Cache), false)
#6 C:\desarrollo\xampp\htdocs\plantilla\index.php(37): CodeIgniter\CodeIgniter->run()
#7 {main}
CRITICAL - 2022-01-28 21:10:00 --> Invalid file: index.php
#0 C:\desarrollo\xampp\htdocs\plantilla\system\View\View.php(198): CodeIgniter\Exceptions\FrameworkException::forInvalidFile('index.php')
#1 C:\desarrollo\xampp\htdocs\plantilla\system\Common.php(1089): CodeIgniter\View\View->render('index', Array, true)
#2 C:\desarrollo\xampp\htdocs\plantilla\app\Controllers\Home.php(14): view('index')
#3 C:\desarrollo\xampp\htdocs\plantilla\system\CodeIgniter.php(825): App\Controllers\Home->inicio()
#4 C:\desarrollo\xampp\htdocs\plantilla\system\CodeIgniter.php(412): CodeIgniter\CodeIgniter->runController(Object(App\Controllers\Home))
#5 C:\desarrollo\xampp\htdocs\plantilla\system\CodeIgniter.php(320): CodeIgniter\CodeIgniter->handleRequest(NULL, Object(Config\Cache), false)
#6 C:\desarrollo\xampp\htdocs\plantilla\index.php(37): CodeIgniter\CodeIgniter->run()
#7 {main}
